This is pdfTeX, Version 3.1415926-2.3-1.40.12 (MiKTeX 2.9) (preloaded format=pdflatex 2017.9.14)  8 FEB 2018 17:10
entering extended mode
**D:/Desktop/LevelDB源码阅读/Latex/main.tex
(D:/Desktop/LevelDB源码阅读/Latex/main.tex
LaTeX2e <2011/06/27>
Babel <v3.8m> and hyphenation patterns for loaded.
(C:\CTEX\MiKTeX\tex\latex\base\article.cls
Document Class: article 2007/10/19 v1.4h Standard LaTeX document class
(C:\CTEX\MiKTeX\tex\latex\base\size12.clo
File: size12.clo 2007/10/19 v1.4h Standard LaTeX file (size option)
)
\c@part=\count79
\c@section=\count80
\c@subsection=\count81
\c@subsubsection=\count82
\c@paragraph=\count83
\c@subparagraph=\count84
\c@figure=\count85
\c@table=\count86
\abovecaptionskip=\skip41
\belowcaptionskip=\skip42
\bibindent=\dimen102
)
(C:\CTEX\MiKTeX\tex\latex\clrscode\clrscode.sty
Package: clrscode 2007/03/29 v1.7 format pseudocode

(C:\CTEX\MiKTeX\tex\latex\base\latexsym.sty
Package: latexsym 1998/08/17 v2.2e Standard LaTeX package (lasy symbols)
\symlasy=\mathgroup4
LaTeX Font Info:    Overwriting symbol font `lasy' in version `bold'
(Font)                  U/lasy/m/n --> U/lasy/b/n on input line 47.
)
\c@codelinenumber=\count87
\c@indent=\count88
\digitwidth=\skip43
\savecode=\box26
\codeboxwidth=\skip44
\c@thisindent=\count89
)
(C:\CTEX\CTeX\tex\latex\ccmap\ccmap.sty
Package: ccmap 2006/11/18

(C:\CTEX\MiKTeX\tex\generic\oberdiek\ifpdf.sty
Package: ifpdf 2011/01/30 v2.3 Provides the ifpdf switch (HO)
Package ifpdf Info: pdfTeX in PDF mode is detected.
)
\CCT@hooka@@=\toks14
)
(C:\CTEX\MiKTeX\tex\latex\caption\caption.sty
Package: caption 2011/11/10 v3.2e Customizing captions (AR)

(C:\CTEX\MiKTeX\tex\latex\caption\caption3.sty
Package: caption3 2011/11/01 v1.4a caption3 kernel (AR)

(C:\CTEX\MiKTeX\tex\latex\graphics\keyval.sty
Package: keyval 1999/03/16 v1.13 key=value parser (DPC)
\KV@toks@=\toks15
)
\captionmargin=\dimen103
\captionmargin@=\dimen104
\captionwidth=\dimen105
\caption@indent=\dimen106
\caption@parindent=\dimen107
\caption@hangindent=\dimen108
)
\c@ContinuedFloat=\count90
)
(C:\CTEX\MiKTeX\tex\latex\picinpar\picinpar.sty
Pictures in Paragraphs. Version 1.2a, July 13, 1993
\br=\count91
\bl=\count92
\na=\count93
\nb=\count94
\tcdsav=\count95
\tcl=\count96
\tcd=\count97
\tcn=\count98
\cumtcl=\count99
\cumpartcl=\count100
\lftside=\dimen109
\rtside=\dimen110
\hpic=\dimen111
\vpic=\dimen112
\strutilg=\dimen113
\picwd=\dimen114
\topheight=\dimen115
\ilg=\dimen116
\lpic=\dimen117
\lwindowsep=\dimen118
\rwindowsep=\dimen119
\cumpar=\dimen120
\twa=\toks16
\la=\toks17
\ra=\toks18
\ha=\toks19
\pictoc=\toks20
\rawtext=\box27
\holder=\box28
\windowbox=\box29
\wartext=\box30
\finaltext=\box31
\aslice=\box32
\bslice=\box33
\wbox=\box34
\wstrutbox=\box35
\picbox=\box36
\waslice=\box37
\wbslice=\box38
\fslice=\box39
) (C:\CTEX\MiKTeX\tex\latex\paralist\paralist.sty
Package: paralist 2002/03/18 v2.3b Extended list environments (BS)
\pltopsep=\skip45
\plpartopsep=\skip46
\plitemsep=\skip47
\plparsep=\skip48
\pl@lab=\toks21
)
(C:\CTEX\MiKTeX\tex\latex\booktabs\booktabs.sty
Package: booktabs 2005/04/14 v1.61803 publication quality tables
\heavyrulewidth=\dimen121
\lightrulewidth=\dimen122
\cmidrulewidth=\dimen123
\belowrulesep=\dimen124
\belowbottomsep=\dimen125
\aboverulesep=\dimen126
\abovetopsep=\dimen127
\cmidrulesep=\dimen128
\cmidrulekern=\dimen129
\defaultaddspace=\dimen130
\@cmidla=\count101
\@cmidlb=\count102
\@aboverulesep=\dimen131
\@belowrulesep=\dimen132
\@thisruleclass=\count103
\@lastruleclass=\count104
\@thisrulewidth=\dimen133
)
(C:\CTEX\MiKTeX\tex\latex\footmisc\footmisc.sty
Package: footmisc 2011/06/06 v5.5b a miscellany of footnote facilities
\FN@temptoken=\toks22
\footnotemargin=\dimen134
\c@pp@next@reset=\count105
\c@@fnserial=\count106
Package footmisc Info: Declaring symbol style bringhurst on input line 855.
Package footmisc Info: Declaring symbol style chicago on input line 863.
Package footmisc Info: Declaring symbol style wiley on input line 872.
Package footmisc Info: Declaring symbol style lamport-robust on input line 883.

Package footmisc Info: Declaring symbol style lamport* on input line 903.
Package footmisc Info: Declaring symbol style lamport*-robust on input line 924
.
)
(D:\Desktop\LevelDB源码阅读\Latex\packages.tex
(C:\CTEX\MiKTeX\tex\latex\amsfonts\amssymb.sty
Package: amssymb 2009/06/22 v3.00

(C:\CTEX\MiKTeX\tex\latex\amsfonts\amsfonts.sty
Package: amsfonts 2009/06/22 v3.00 Basic AMSFonts support
\@emptytoks=\toks23
\symAMSa=\mathgroup5
\symAMSb=\mathgroup6
LaTeX Font Info:    Overwriting math alphabet `\mathfrak' in version `bold'
(Font)                  U/euf/m/n --> U/euf/b/n on input line 96.
))
(C:\CTEX\MiKTeX\tex\latex\ams\math\amsmath.sty
Package: amsmath 2000/07/18 v2.13 AMS math features
\@mathmargin=\skip49

For additional information on amsmath, use the `?' option.
(C:\CTEX\MiKTeX\tex\latex\ams\math\amstext.sty
Package: amstext 2000/06/29 v2.01

(C:\CTEX\MiKTeX\tex\latex\ams\math\amsgen.sty
File: amsgen.sty 1999/11/30 v2.0
\@emptytoks=\toks24
\ex@=\dimen135
))
(C:\CTEX\MiKTeX\tex\latex\ams\math\amsbsy.sty
Package: amsbsy 1999/11/29 v1.2d
\pmbraise@=\dimen136
)
(C:\CTEX\MiKTeX\tex\latex\ams\math\amsopn.sty
Package: amsopn 1999/12/14 v2.01 operator names
)
\inf@bad=\count107
LaTeX Info: Redefining \frac on input line 211.
\uproot@=\count108
\leftroot@=\count109
LaTeX Info: Redefining \overline on input line 307.
\classnum@=\count110
\DOTSCASE@=\count111
LaTeX Info: Redefining \ldots on input line 379.
LaTeX Info: Redefining \dots on input line 382.
LaTeX Info: Redefining \cdots on input line 467.
\Mathstrutbox@=\box40
\strutbox@=\box41
\big@size=\dimen137
LaTeX Font Info:    Redeclaring font encoding OML on input line 567.
LaTeX Font Info:    Redeclaring font encoding OMS on input line 568.
\macc@depth=\count112
\c@MaxMatrixCols=\count113
\dotsspace@=\muskip10
\c@parentequation=\count114
\dspbrk@lvl=\count115
\tag@help=\toks25
\row@=\count116
\column@=\count117
\maxfields@=\count118
\andhelp@=\toks26
\eqnshift@=\dimen138
\alignsep@=\dimen139
\tagshift@=\dimen140
\tagwidth@=\dimen141
\totwidth@=\dimen142
\lineht@=\dimen143
\@envbody=\toks27
\multlinegap=\skip50
\multlinetaggap=\skip51
\mathdisplay@stack=\toks28
LaTeX Info: Redefining \[ on input line 2666.
LaTeX Info: Redefining \] on input line 2667.
)
(C:\CTEX\MiKTeX\tex\latex\jknappen\mathrsfs.sty
Package: mathrsfs 1996/01/01 Math RSFS package v1.0 (jk)
\symrsfs=\mathgroup7
)
(C:\CTEX\MiKTeX\tex\latex\graphics\color.sty
Package: color 2005/11/14 v1.0j Standard LaTeX Color (DPC)

(C:\CTEX\MiKTeX\tex\latex\00miktex\color.cfg
File: color.cfg 2007/01/18 v1.5 color configuration of teTeX/TeXLive
)
Package color Info: Driver file: dvips.def on input line 130.

(C:\CTEX\MiKTeX\tex\latex\graphics\dvips.def
File: dvips.def 1999/02/16 v3.0i Driver-dependant file (DPC,SPQR)
)
(C:\CTEX\MiKTeX\tex\latex\graphics\dvipsnam.def
File: dvipsnam.def 1999/02/16 v3.0i Driver-dependant file (DPC,SPQR)
))
(C:\CTEX\MiKTeX\tex\latex\graphics\graphicx.sty
Package: graphicx 1999/02/16 v1.0f Enhanced LaTeX Graphics (DPC,SPQR)

(C:\CTEX\MiKTeX\tex\latex\graphics\graphics.sty
Package: graphics 2009/02/05 v1.0o Standard LaTeX Graphics (DPC,SPQR)

(C:\CTEX\MiKTeX\tex\latex\graphics\trig.sty
Package: trig 1999/03/16 v1.09 sin cos tan (DPC)
)
(C:\CTEX\MiKTeX\tex\latex\00miktex\graphics.cfg
File: graphics.cfg 2007/01/18 v1.5 graphics configuration of teTeX/TeXLive
)
Package graphics Info: Driver file: pdftex.def on input line 91.

(C:\CTEX\MiKTeX\tex\latex\pdftex-def\pdftex.def
File: pdftex.def 2011/05/27 v0.06d Graphics/color for pdfTeX

(C:\CTEX\MiKTeX\tex\generic\oberdiek\infwarerr.sty
Package: infwarerr 2010/04/08 v1.3 Providing info/warning/message (HO)
)
(C:\CTEX\MiKTeX\tex\generic\oberdiek\ltxcmds.sty
Package: ltxcmds 2011/04/18 v1.20 LaTeX kernel commands for general use (HO)
)
\Gread@gobject=\count119
))
\Gin@req@height=\dimen144
\Gin@req@width=\dimen145
)
(C:\CTEX\MiKTeX\tex\latex\subfigure\subfigure.sty
Package: subfigure 2002/07/30 v2.1.4 subfigure package
\subfigtopskip=\skip52
\subfigcapskip=\skip53
\subfigcaptopadj=\dimen146
\subfigbottomskip=\skip54
\subfigcapmargin=\dimen147
\subfiglabelskip=\skip55
\c@subfigure=\count120
\c@lofdepth=\count121
\c@subtable=\count122
\c@lotdepth=\count123

****************************************
* Local config file subfigure.cfg used *
****************************************
(C:\CTEX\MiKTeX\tex\latex\subfigure\subfigure.cfg)
\subfig@top=\skip56
\subfig@bottom=\skip57
)
(C:\CTEX\MiKTeX\tex\latex\cjk\CJK.sty
Package: CJK 2008/12/29 4.8.2

(C:\CTEX\MiKTeX\tex\latex\cjk\mule\MULEenc.sty
Package: MULEenc 2008/12/29 4.8.2
)
(C:\CTEX\MiKTeX\tex\latex\cjk\CJK.enc
File: CJK.enc 2008/12/29 4.8.2
)
LaTeX Info: Redefining \selectfont on input line 756.
\CJK@indent=\box42
)
(C:\CTEX\MiKTeX\tex\latex\cjk\CJKulem.sty
Package: CJKulem 2008/12/29 4.8.2

(C:\CTEX\MiKTeX\tex\latex\ulem\ulem.sty
\UL@box=\box43
\UL@hyphenbox=\box44
\UL@skip=\skip58
\UL@hook=\toks29
\UL@height=\dimen148
\UL@pe=\count124
\UL@pixel=\dimen149
\ULC@box=\box45
Package: ulem 2011/03/18
\ULdepth=\dimen150
)
\UL@lastkern=\dimen151
\CJK@skip=\skip59
)
(C:\CTEX\CTeX\tex\latex\CJKpunct\CJKpunct.sty
Package: CJKpunct 2010/02/21 4.8.2-2
\CJKpunct@cnta=\count125
\CJKpunct@cntb=\count126
\CJKpunct@cntc=\count127
\CJKpunct@cntd=\count128
\CJKpunct@cnte=\count129

(C:\CTEX\CTeX\tex\latex\CJKpunct\CJKpunct.spa))
(C:\CTEX\MiKTeX\tex\latex\setspace\setspace.sty
Package: setspace 2011/12/19 v6.7a set line spacing
)
(C:\CTEX\MiKTeX\tex\latex\geometry\geometry.sty
Package: geometry 2010/09/12 v5.6 Page Geometry

(C:\CTEX\MiKTeX\tex\generic\oberdiek\ifvtex.sty
Package: ifvtex 2010/03/01 v1.5 Switches for detecting VTeX and its modes (HO)
Package ifvtex Info: VTeX not detected.
)
(C:\CTEX\MiKTeX\tex\generic\ifxetex\ifxetex.sty
Package: ifxetex 2010/09/12 v0.6 Provides ifxetex conditional
)
\Gm@cnth=\count130
\Gm@cntv=\count131
\c@Gm@tempcnt=\count132
\Gm@bindingoffset=\dimen152
\Gm@wd@mp=\dimen153
\Gm@odd@mp=\dimen154
\Gm@even@mp=\dimen155
\Gm@layoutwidth=\dimen156
\Gm@layoutheight=\dimen157
\Gm@layouthoffset=\dimen158
\Gm@layoutvoffset=\dimen159
\Gm@dimlist=\toks30

(C:\CTEX\MiKTeX\tex\latex\geometry\geometry.cfg))
(C:\CTEX\MiKTeX\tex\latex\titlesec\titlesec.sty
Package: titlesec 2011/12/15 v2.10.0 Sectioning titles
\ttl@box=\box46
\beforetitleunit=\skip60
\aftertitleunit=\skip61
\ttl@plus=\dimen160
\ttl@minus=\dimen161
\ttl@toksa=\toks31
\titlewidth=\dimen162
\titlewidthlast=\dimen163
\titlewidthfirst=\dimen164
)
(C:\CTEX\MiKTeX\tex\latex\titlesec\titletoc.sty
Package: titletoc 2011/12/15 v1.6 TOC entries
\ttl@leftsep=\dimen165
)
(C:\CTEX\MiKTeX\tex\latex\psnfss\times.sty
Package: times 2005/04/12 PSNFSS-v9.2a (SPQR) 
)
(C:\CTEX\MiKTeX\tex\latex\xifthen\xifthen.sty
Package: xifthen 2009/04/17 v1.3 Extended ifthen features

(C:\CTEX\MiKTeX\tex\latex\misc\etex.sty
Package: etex 1998/03/26 v2.0 eTeX basic definition package (PEB)
\et@xins=\count133
)
(C:\CTEX\MiKTeX\tex\latex\tools\calc.sty
Package: calc 2007/08/22 v4.3 Infix arithmetic (KKT,FJ)
\calc@Acount=\count134
\calc@Bcount=\count135
\calc@Adimen=\dimen166
\calc@Bdimen=\dimen167
\calc@Askip=\skip62
\calc@Bskip=\skip63
LaTeX Info: Redefining \setlength on input line 76.
LaTeX Info: Redefining \addtolength on input line 77.
\calc@Ccount=\count136
\calc@Cskip=\skip64
)
(C:\CTEX\MiKTeX\tex\latex\base\ifthen.sty
Package: ifthen 2001/05/26 v1.1c Standard LaTeX ifthen package (DPC)
)
(C:\CTEX\MiKTeX\tex\latex\ifmtarg\ifmtarg.sty
Package: ifmtarg 2009/09/02 v1.2a check for an empty argument
))
(C:\CTEX\MiKTeX\tex\latex\tools\indentfirst.sty
Package: indentfirst 1995/11/23 v1.03 Indent first paragraph (DPC)
)
(C:\CTEX\MiKTeX\tex\latex\tools\verbatim.sty
Package: verbatim 2003/08/22 v1.5q LaTeX2e package for verbatim enhancements
\every@verbatim=\toks32
\verbatim@line=\toks33
\verbatim@in@stream=\read1
)
(C:\CTEX\MiKTeX\tex\latex\fancyhdr\fancyhdr.sty
\fancy@headwidth=\skip65
\f@ncyO@elh=\skip66
\f@ncyO@erh=\skip67
\f@ncyO@olh=\skip68
\f@ncyO@orh=\skip69
\f@ncyO@elf=\skip70
\f@ncyO@erf=\skip71
\f@ncyO@olf=\skip72
\f@ncyO@orf=\skip73
)
(C:\CTEX\MiKTeX\tex\latex\multirow\multirow.sty
\bigstrutjot=\dimen168
)
(C:\CTEX\MiKTeX\tex\latex\rotating\rotating.sty
Package: rotating 2009/03/28 v2.16a rotated objects in LaTeX
\c@r@tfl@t=\count137
\rotFPtop=\skip74
\rotFPbot=\skip75
\rot@float@box=\box47
\rot@mess@toks=\toks34
)
(C:\CTEX\MiKTeX\tex\latex\tools\array.sty
Package: array 2008/09/09 v2.4c Tabular extension package (FMi)
\col@sep=\dimen169
\extrarowheight=\dimen170
\NC@list=\toks35
\extratabsurround=\skip76
\backup@length=\skip77
)
(C:\CTEX\MiKTeX\tex\latex\algorithms\algorithmic.sty
Package: algorithmic 2009/08/24 v0.1 Document Style `algorithmic'
\c@ALC@unique=\count138
\c@ALC@line=\count139
\c@ALC@rem=\count140
\c@ALC@depth=\count141
\ALC@tlm=\skip78
\algorithmicindent=\skip79
)
(C:\CTEX\MiKTeX\tex\latex\algorithms\algorithm.sty
Package: algorithm 2009/08/24 v0.1 Document Style `algorithm' - floating enviro
nment

(C:\CTEX\MiKTeX\tex\latex\float\float.sty
Package: float 2001/11/08 v1.3d Float enhancements (AL)
\c@float@type=\count142
\float@exts=\toks36
\float@box=\box48
\@float@everytoks=\toks37
\@floatcapt=\box49
)
\@float@every@algorithm=\toks38
\c@algorithm=\count143
))
(C:\CTEX\MiKTeX\tex\latex\ltxmisc\url.sty
\Urlmuskip=\muskip11
Package: url 2006/04/12  ver 3.3  Verb mode for urls, etc.
)
(D:\Desktop\LevelDB源码阅读\Latex\sys/han_zi.tex)
(D:\Desktop\LevelDB源码阅读\Latex\sys/format.tex)

LaTeX Warning: Unused global option(s):
    [openany].

(D:\Desktop\LevelDB源码阅读\Latex\main.aux
(D:\Desktop\LevelDB源码阅读\Latex\abstract_CN.aux)
(D:\Desktop\LevelDB源码阅读\Latex\chapter/chap1.aux)
(D:\Desktop\LevelDB源码阅读\Latex\chapter/chap2.aux)
(D:\Desktop\LevelDB源码阅读\Latex\chapter/chap3.aux)
(D:\Desktop\LevelDB源码阅读\Latex\bib.aux))
LaTeX Font Info:    Checking defaults for OML/cmm/m/it on input line 24.
LaTeX Font Info:    ... okay on input line 24.
LaTeX Font Info:    Checking defaults for T1/cmr/m/n on input line 24.
LaTeX Font Info:    ... okay on input line 24.
LaTeX Font Info:    Checking defaults for OT1/cmr/m/n on input line 24.
LaTeX Font Info:    ... okay on input line 24.
LaTeX Font Info:    Checking defaults for OMS/cmsy/m/n on input line 24.
LaTeX Font Info:    ... okay on input line 24.
LaTeX Font Info:    Checking defaults for OMX/cmex/m/n on input line 24.
LaTeX Font Info:    ... okay on input line 24.
LaTeX Font Info:    Checking defaults for U/cmr/m/n on input line 24.
LaTeX Font Info:    ... okay on input line 24.
LaTeX Font Info:    Checking defaults for C00/song/m/n on input line 24.
LaTeX Font Info:    ... okay on input line 24.
LaTeX Font Info:    Checking defaults for C05/song/m/n on input line 24.
LaTeX Font Info:    ... okay on input line 24.
LaTeX Font Info:    Checking defaults for C09/song/m/n on input line 24.
LaTeX Font Info:    ... okay on input line 24.
LaTeX Font Info:    Checking defaults for C10/song/m/n on input line 24.
LaTeX Font Info:    ... okay on input line 24.
LaTeX Font Info:    Checking defaults for C20/song/m/n on input line 24.
LaTeX Font Info:    ... okay on input line 24.
LaTeX Font Info:    Checking defaults for C19/song/m/n on input line 24.
LaTeX Font Info:    ... okay on input line 24.
LaTeX Font Info:    Checking defaults for C40/song/m/n on input line 24.
LaTeX Font Info:    ... okay on input line 24.
LaTeX Font Info:    Checking defaults for C42/song/m/n on input line 24.
LaTeX Font Info:    ... okay on input line 24.
LaTeX Font Info:    Checking defaults for C43/song/m/n on input line 24.
LaTeX Font Info:    ... okay on input line 24.
LaTeX Font Info:    Checking defaults for C50/song/m/n on input line 24.
LaTeX Font Info:    ... okay on input line 24.
LaTeX Font Info:    Checking defaults for C52/song/m/n on input line 24.
LaTeX Font Info:    ... okay on input line 24.
LaTeX Font Info:    Checking defaults for C49/song/m/n on input line 24.
LaTeX Font Info:    ... okay on input line 24.
LaTeX Font Info:    Checking defaults for C60/mj/m/n on input line 24.
LaTeX Font Info:    ... okay on input line 24.
LaTeX Font Info:    Checking defaults for C61/mj/m/n on input line 24.
LaTeX Font Info:    ... okay on input line 24.
LaTeX Font Info:    Checking defaults for C63/mj/m/n on input line 24.
LaTeX Font Info:    ... okay on input line 24.
LaTeX Font Info:    Checking defaults for C64/mj/m/n on input line 24.
LaTeX Font Info:    ... okay on input line 24.
LaTeX Font Info:    Checking defaults for C65/mj/m/n on input line 24.
LaTeX Font Info:    ... okay on input line 24.
LaTeX Font Info:    Checking defaults for C70/song/m/n on input line 24.
LaTeX Font Info:    ... okay on input line 24.
LaTeX Font Info:    Checking defaults for C31/song/m/n on input line 24.
LaTeX Font Info:    ... okay on input line 24.
LaTeX Font Info:    Checking defaults for C32/song/m/n on input line 24.
LaTeX Font Info:    ... okay on input line 24.
LaTeX Font Info:    Checking defaults for C33/song/m/n on input line 24.
LaTeX Font Info:    ... okay on input line 24.
LaTeX Font Info:    Checking defaults for C34/song/m/n on input line 24.
LaTeX Font Info:    ... okay on input line 24.
LaTeX Font Info:    Checking defaults for C35/song/m/n on input line 24.
LaTeX Font Info:    ... okay on input line 24.
LaTeX Font Info:    Checking defaults for C36/song/m/n on input line 24.
LaTeX Font Info:    ... okay on input line 24.
LaTeX Font Info:    Checking defaults for C37/song/m/n on input line 24.
LaTeX Font Info:    ... okay on input line 24.
LaTeX Font Info:    Checking defaults for C80/song/m/n on input line 24.
LaTeX Font Info:    ... okay on input line 24.
LaTeX Font Info:    Checking defaults for C81/song/m/n on input line 24.
LaTeX Font Info:    ... okay on input line 24.
LaTeX Font Info:    Checking defaults for C01/song/m/n on input line 24.
LaTeX Font Info:    ... okay on input line 24.
LaTeX Font Info:    Checking defaults for C11/song/m/n on input line 24.
LaTeX Font Info:    ... okay on input line 24.
LaTeX Font Info:    Checking defaults for C21/song/m/n on input line 24.
LaTeX Font Info:    ... okay on input line 24.
LaTeX Font Info:    Checking defaults for C41/song/m/n on input line 24.
LaTeX Font Info:    ... okay on input line 24.
LaTeX Font Info:    Checking defaults for C62/song/m/n on input line 24.
LaTeX Font Info:    ... okay on input line 24.
LaTeX Font Info:    Try loading font information for OT1+ptm on input line 24.

(C:\CTEX\MiKTeX\tex\latex\psnfss\ot1ptm.fd
File: ot1ptm.fd 2001/06/04 font definitions for OT1/ptm.
)<<ot1.cmap>>
Package caption Info: Begin \AtBeginDocument code.
Package caption Info: float package is loaded.
Package caption Info: picinpar package is loaded.
Package caption Info: rotating package is loaded.
Package caption Info: subfigure package is loaded.
Package caption Info: End \AtBeginDocument code.

(C:\CTEX\MiKTeX\tex\context\base\supp-pdf.mkii
[Loading MPS to PDF converter (version 2006.09.02).]
\scratchcounter=\count144
\scratchdimen=\dimen171
\scratchbox=\box50
\nofMPsegments=\count145
\nofMParguments=\count146
\everyMPshowfont=\toks39
\MPscratchCnt=\count147
\MPscratchDim=\dimen172
\MPnumerator=\count148
\makeMPintoPDFobject=\count149
\everyMPtoPDFconversion=\toks40
)
*geometry* detected driver: dvips
*geometry* verbose mode - [ preamble ] result:
* driver: dvips
* paper: a4paper
* layout: <same size as paper>
* layoutoffset:(h,v)=(0.0pt,0.0pt)
* modes: twoside 
* h-part:(L,W,R)=(90.19518pt, 417.11752pt, 90.19518pt)
* v-part:(T,H,B)=(72.2698pt, 700.50723pt, 72.2698pt)
* \paperwidth=597.50787pt
* \paperheight=845.04684pt
* \textwidth=417.11752pt
* \textheight=700.50723pt
* \oddsidemargin=17.92519pt
* \evensidemargin=17.92519pt
* \topmargin=-37.00018pt
* \headheight=12.0pt
* \headsep=25.0pt
* \topskip=12.0pt
* \footskip=30.0pt
* \marginparwidth=85.0pt
* \marginparsep=10.0pt
* \columnsep=10.0pt
* \skip\footins=10.8pt plus 4.0pt minus 2.0pt
* \hoffset=0.0pt
* \voffset=0.0pt
* \mag=1000
* \@twocolumnfalse
* \@twosidetrue
* \@mparswitchtrue
* \@reversemarginfalse
* (1in=72.27pt=25.4mm, 1cm=28.453pt)

(C:\CTEX\MiKTeX\tex\latex\cjk\standard.bdg
File: standard.bdg 2008/12/29 4.8.2
)
(C:\CTEX\MiKTeX\tex\latex\cjk\extended.enc
File: extended.enc 2008/12/29 4.8.2
)
(C:\CTEX\MiKTeX\tex\latex\cjk\extended.chr
File: extended.chr 2008/12/29 4.8.2
)
(D:\Desktop\LevelDB源码阅读\Latex\sys/ctformat.tex
\c@cnkeywdaccepted=\count150
\c@numcnkeywds=\count151
\c@enkeywdaccepted=\count152
\c@numenkeywds=\count153
)
(D:\Desktop\LevelDB源码阅读\Latex\info.tex)
(D:\Desktop\LevelDB源码阅读\Latex\sys/cover.tex
LaTeX Font Info:    Try loading font information for C19+song on input line 5.

(C:\CTEX\CTeX\tex\latex\CJK\GB\c19song.fd
File: c19song.fd 2009/09/23 4.8.2
)<<c1963.cmap>><<c1949.cmap>><<c1940.cmap>>
LaTeX Font Info:    Font shape `OT1/ptm/bx/n' in size <28> not available
(Font)              Font shape `OT1/ptm/b/n' tried instead on input line 8.
LaTeX Font Info:    Font shape `OT1/ptm/bx/n' in size <21> not available
(Font)              Font shape `OT1/ptm/b/n' tried instead on input line 8.
<<c1941.cmap>><<c1958.cmap>>
LaTeX Font Info:    Font shape `OT1/ptm/bx/n' in size <15.75> not available
(Font)              Font shape `OT1/ptm/b/n' tried instead on input line 10.
LaTeX Font Info:    Calculating math sizes for size <28> on input line 11.


LaTeX Font Warning: Font shape `OT1/cmr/m/n' in size <28> not available
(Font)              size <24.88> substituted on input line 11.


LaTeX Font Warning: Font shape `OT1/cmr/m/n' in size <19.59991> not available
(Font)              size <20.74> substituted on input line 11.


LaTeX Font Warning: Font shape `OML/cmm/m/it' in size <28> not available
(Font)              size <24.88> substituted on input line 11.

<<oml.cmap>>

LaTeX Font Warning: Font shape `OML/cmm/m/it' in size <19.59991> not available
(Font)              size <20.74> substituted on input line 11.


LaTeX Font Warning: Font shape `OMS/cmsy/m/n' in size <28> not available
(Font)              size <24.88> substituted on input line 11.

<<oms.cmap>>

LaTeX Font Warning: Font shape `OMS/cmsy/m/n' in size <19.59991> not available
(Font)              size <20.74> substituted on input line 11.

<<omx.cmap>>
LaTeX Font Info:    Try loading font information for U+lasy on input line 11.
 (C:\CTEX\MiKTeX\tex\latex\base\ulasy.fd
File: ulasy.fd 1998/08/17 v2.2e LaTeX symbol font definitions
)

LaTeX Font Warning: Font shape `U/lasy/m/n' in size <28> not available
(Font)              size <24.88> substituted on input line 11.


LaTeX Warning: File u.cmap not found on input line 11.


LaTeX Font Warning: Font shape `U/lasy/m/n' in size <19.59991> not available
(Font)              size <20.74> substituted on input line 11.

LaTeX Font Info:    Try loading font information for U+msa on input line 11.
(C:\CTEX\MiKTeX\tex\latex\amsfonts\umsa.fd
File: umsa.fd 2009/06/22 v3.00 AMS symbols A
)
LaTeX Font Info:    Try loading font information for U+msb on input line 11.

(C:\CTEX\MiKTeX\tex\latex\amsfonts\umsb.fd
File: umsb.fd 2009/06/22 v3.00 AMS symbols B
)
LaTeX Font Info:    Try loading font information for U+rsfs on input line 11.

(C:\CTEX\MiKTeX\tex\latex\jknappen\ursfs.fd
File: ursfs.fd 1998/03/24 rsfs font definition file (jk)
)

LaTeX Font Warning: Font shape `U/rsfs/m/n' in size <28> not available
(Font)              size <24.88> substituted on input line 11.


LaTeX Font Warning: Font shape `U/rsfs/m/n' in size <19.59991> not available
(Font)              size <20.74> substituted on input line 11.

LaTeX Font Info:    Try loading font information for C19+kai on input line 12.
(C:\CTEX\CTeX\tex\latex\CJK\GB\c19kai.fd
File: c19kai.fd 2009/09/23 4.8.2
)<<c1965.cmap>><<c1960.cmap>><<c1950.cmap>><<c1926.cmap>>
Package CJKpunct Info: use punctuation spaces for family 'kai' with punctstyle 
(quanjiao) on input line 12.
LaTeX Font Info:    Font shape `OT1/ptm/bx/n' in size <14> not available
(Font)              Font shape `OT1/ptm/b/n' tried instead on input line 12.
<<c1956.cmap>><<c1937.cmap>><<c1957.cmap>><<c1936.cmap>>
[1
Non-PDF special ignored!

{C:/CTEX/UserData/pdftex/config/pdftex.map{Unicode.sfd}{UGBK.sfd}}]) (D:\Deskto
p\LevelDB源码阅读\Latex\changeformat.tex)
(D:\Desktop\LevelDB源码阅读\Latex\abstract_CN.tex<<c1951.cmap>>
Package CJKpunct Info: use punctuation spaces for family 'song' with punctstyle
 (quanjiao) on input line 4.
<<c1961.cmap>><<c1955.cmap>><<c1964.cmap>><<c1946.cmap>>
LaTeX Font Info:    Font shape `OT1/ptm/bx/n' in size <18> not available
(Font)              Font shape `OT1/ptm/b/n' tried instead on input line 4.
LaTeX Font Info:    Font shape `OT1/ptm/bx/n' in size <12> not available
(Font)              Font shape `OT1/ptm/b/n' tried instead on input line 8.
<<c1943.cmap>><<c1945.cmap>><<c1939.cmap>>)

Package Fancyhdr Warning: \headheight is too small (12.0pt): 
 Make it at least 14.49998pt.
 We now make it that large for the rest of the document.
 This may cause the page layout to be inconsistent, however.

[1

] (D:\Desktop\LevelDB源码阅读\Latex\main.toc
Overfull \hbox (3.0pt too wide) detected at line 16
\OT1/ptm/m/n/12 1.1 
 []


Overfull \hbox (3.0pt too wide) detected at line 19
\OT1/ptm/m/n/12 2.1 
 []

<<c1962.cmap>>
Overfull \hbox (3.0pt too wide) detected at line 21
\OT1/ptm/m/n/12 3.1 
 []

<<c1947.cmap>><<c1959.cmap>>)
\tf@toc=\write3


Package Fancyhdr Warning: \headheight is too small (12.0pt): 
 Make it at least 14.49998pt.
 We now make it that large for the rest of the document.
 This may cause the page layout to be inconsistent, however.

[2

] (D:\Desktop\LevelDB源码阅读\Latex\chapter/chap1.tex<<c1952.cmap>>)

Package Fancyhdr Warning: \headheight is too small (12.0pt): 
 Make it at least 14.49998pt.
 We now make it that large for the rest of the document.
 This may cause the page layout to be inconsistent, however.

[1

] (D:\Desktop\LevelDB源码阅读\Latex\chapter/chap2.tex)

Package Fancyhdr Warning: \headheight is too small (12.0pt): 
 Make it at least 14.49998pt.
 We now make it that large for the rest of the document.
 This may cause the page layout to be inconsistent, however.

[2


] (D:\Desktop\LevelDB源码阅读\Latex\chapter/chap3.tex)

Package Fancyhdr Warning: \headheight is too small (12.0pt): 
 Make it at least 14.49998pt.
 We now make it that large for the rest of the document.
 This may cause the page layout to be inconsistent, however.

[3


] (D:\Desktop\LevelDB源码阅读\Latex\bib.tex

LaTeX Warning: Empty `thebibliography' environment on input line 17.

)

Package Fancyhdr Warning: \headheight is too small (12.0pt): 
 Make it at least 14.49998pt.
 We now make it that large for the rest of the document.
 This may cause the page layout to be inconsistent, however.

[4


] (D:\Desktop\LevelDB源码阅读\Latex\main.aux
(D:\Desktop\LevelDB源码阅读\Latex\abstract_CN.aux)
(D:\Desktop\LevelDB源码阅读\Latex\chapter/chap1.aux)
(D:\Desktop\LevelDB源码阅读\Latex\chapter/chap2.aux)
(D:\Desktop\LevelDB源码阅读\Latex\chapter/chap3.aux)
(D:\Desktop\LevelDB源码阅读\Latex\bib.aux))

LaTeX Font Warning: Size substitutions with differences
(Font)              up to 3.12pt have occurred.

 ) 
Here is how much of TeX's memory you used:
 7838 strings out of 495354
 111992 string characters out of 3183859
 160435 words of memory out of 3000000
 10570 multiletter control sequences out of 15000+200000
 49270 words of font info for 153 fonts, out of 3000000 for 9000
 14 hyphenation exceptions out of 8191
 36i,11n,43p,382b,715s stack positions out of 5000i,500n,10000p,200000b,50000s
<C:/CTEX/CTeX/fonts/truetype/chinese/simsun.ttf><C:/CTEX/CTeX/fonts/truetype/
chinese/simsun.ttf><C:/CTEX/CTeX/fonts/truetype/chinese/simsun.ttf><C:/CTEX/CTe
X/fonts/truetype/chinese/simsun.ttf><C:/CTEX/CTeX/fonts/truetype/chinese/simsun
.ttf><C:/CTEX/CTeX/fonts/truetype/chinese/simsun.ttf><C:/CTEX/CTeX/fonts/truety
pe/chinese/simsun.ttf><C:/CTEX/CTeX/fonts/truetype/chinese/simsun.ttf><C:/CTEX/
CTeX/fonts/truetype/chinese/simsun.ttf><C:/CTEX/CTeX/fonts/truetype/chinese/sim
sun.ttf><C:/CTEX/CTeX/fonts/truetype/chinese/simsun.ttf><C:/CTEX/CTeX/fonts/tru
etype/chinese/simsun.ttf><C:/CTEX/CTeX/fonts/truetype/chinese/simsun.ttf><C:/CT
EX/CTeX/fonts/truetype/chinese/simsun.ttf><C:/CTEX/CTeX/fonts/truetype/chinese/
simsun.ttf><C:/CTEX/CTeX/fonts/truetype/chinese/simsun.ttf><C:/CTEX/CTeX/fonts/
truetype/chinese/simsun.ttf><C:/CTEX/CTeX/fonts/truetype/chinese/simsun.ttf><C:
/CTEX/CTeX/fonts/truetype/chinese/simsun.ttf>{C:/CTEX/MiKTeX/fonts/enc/dvips/fo
ntname/8r.enc}<C:/WINDOWS/Fonts/simkai.ttf><C:/WINDOWS/Fonts/simkai.ttf><C:/WIN
DOWS/Fonts/simkai.ttf><C:/WINDOWS/Fonts/simkai.ttf><C:/WINDOWS/Fonts/simkai.ttf
><C:/WINDOWS/Fonts/simkai.ttf><C:/WINDOWS/Fonts/simkai.ttf><C:/WINDOWS/Fonts/si
mkai.ttf><C:/WINDOWS/Fonts/simkai.ttf><C:/WINDOWS/Fonts/simkai.ttf><C:/WINDOWS/
Fonts/simkai.ttf><C:/WINDOWS/Fonts/simkai.ttf><C:/CTEX/CTeX/fonts/truetype/chin
ese/simsun.ttf><C:/CTEX/CTeX/fonts/truetype/chinese/simsun.ttf><C:/CTEX/CTeX/fo
nts/truetype/chinese/simsun.ttf><C:/CTEX/CTeX/fonts/truetype/chinese/simsun.ttf
><C:/CTEX/CTeX/fonts/truetype/chinese/simsun.ttf><C:/CTEX/MiKTeX/fonts/type1/ur
w/times/utmb8a.pfb><C:/CTEX/MiKTeX/fonts/type1/urw/times/utmr8a.pfb>
Output written on main.pdf (7 pages, 223213 bytes).
PDF statistics:
 208 PDF objects out of 1000 (max. 8388607)
 0 named destinations out of 1000 (max. 500000)
 117 words of extra memory for PDF output out of 10000 (max. 10000000)

